2012-06-17 03:14:23.677 WARN  com.dukascopy.api.impl.connect.DCClientImpl - Types list was not found
2012-06-17 03:14:23.681 INFO  singlejartest.Main - Connecting...
2012-06-17 03:14:34.852 INFO  com.dukascopy.api.impl.connect.AuthorizationClient - >> [{}]https://www1.dukascopy.com/authorization/demo/auth?typus=0&munus=stngs&appello=DEMO2hbSVA&licentio=2c6fa292f5512fa8e9b00a4b397cc71ed3c8f429a7a2a76fcc181e0cf338b904&sermo=cb912e44-7f2f-4f56-926f-225ca2f9f6b3&stngs=1
2012-06-17 03:14:37.048 WARN  com.dukascopy.api.impl.connect.AuthorizationClient - << [{}]{news.host.url=https://external.dukascopy.com, jss.logserver.url=https://demo-login.dukascopy.com/jss-log/, userTypes=MINI_FX,MANAGE_STOP_LIMIT,REGULAR,, wlabel.logo=[B@6fe78c96, news.source=api, contest.chart.url=https://demo-login.dukascopy.com/aDDS/export/contestChart.php, menu.item.dayly.hl=/marketwatch/daily_hl_interbank/, menu.item.margin.level.calculator=/marketwatch/forexcalc/margin_level/, wlabel.shortLabel=Dukascopy Bank, encryptionKey=495F519A0C2FE2EF898D51136762FBEB, reports.url=/Reports, base.calendar.url=http://www.dukascopy.com/swiss/{0}, menu.item.economic.calendar=/marketwatch/calendars/eccalendar/, additionalUserTypes=[], feed.commission.history=[], brokerChat.url=https://www.dukascopy.com/chat/login.php?channel=3, wlabel.url=http://www.dukascopy.com, platformFaq.url=http://www.dukascopy.com/swiss/english/forex/faq/, menu.item.holidays.calendar=/marketwatch/calendars/NationalHolidaysCalendar/, menu.item.report.issue=/about/issues/, reports=portfolio_client,intraday_client,position_client,annual_report,deposit_receipt,trader_sll,self_traded_volume,activity_log,merge_log,trade_log,trader_sll_action_log, tradelog_sfx.url=/aDDS/export/tradeLog.php, platformManual.url=http://www.dukascopy.com/wiki/, instruments=[CAD/HKD, EUR/SGD, EUR/NOK, EUR/NZD, AUD/NZD, USD/TRY, GBP/USD, NZD/CHF, USD/MXN, USD/HKD, SGD/JPY, EUR/HKD, AUD/CAD, USD/PLN, EUR/PLN, USD/NOK, USD/CHF, GBP/CHF, EUR/CHF, USD/JPY, GBP/CAD, HKD/JPY, GBP/JPY, EUR/CAD, USD/SEK, CHF/SGD, USD/DKK, EUR/SEK, NZD/JPY, AUD/SGD, NZD/USD, CAD/JPY, EUR/GBP, CHF/JPY, XAG/USD, GBP/AUD, AUD/JPY, XAU/USD, EUR/USD, AUD/USD, USD/CAD, USD/ZAR, EUR/JPY, USD/SGD, AUD/CHF, GBP/NZD, USD/RUB, NZD/CAD, CAD/CHF, EUR/AUD, EUR/DKK, EUR/TRY], menu.item.forex.calculator=/marketwatch/forexcalc/forex_calculator/, debug=false, client.mode=DEMO, loginId=382684, get.help.url=http://www.dukascopy.com/swiss/english/forex/jforex/forum/, menu.item.interest.rates.calendar=/marketwatch/calendars/InterestRatesCalendar/, wlabel.foUrl=https://demo-login.dukascopy.com, history.server.url=http://www.dukascopy.com/datafeed/, external_ip=50.36.23.172, wlabel.longLabel=Dukascopy Bank SA, services1.url=https://demo-login.dukascopy.com, wlabel.skype=dukascopy, wlabel.phone=+41 (0) 22 799 4888}
2012-06-17 03:14:42.470 INFO  singlejartest.Main - Connected
2012-06-17 03:14:42.986 INFO  singlejartest.Main - Subscribing instruments...
2012-06-17 03:14:47.992 INFO  singlejartest.Main - Starting strategy
2012-06-17 03:14:50.136 INFO  singlejartest.Main - Strategy started: 37
2012-06-17 03:14:59.509 ERROR com.dukascopy.api.impl.connect.ActivityLogger - demo-login.dukascopy.com
java.net.UnknownHostException: demo-login.dukascopy.com
	at java.net.PlainSocketImpl.connect(PlainSocketImpl.java:195)
	at java.net.SocksSocketImpl.connect(SocksSocketImpl.java:432)
	at java.net.Socket.connect(Socket.java:529)
	at com.sun.net.ssl.internal.ssl.SSLSocketImpl.connect(SSLSocketImpl.java:564)
	at com.sun.net.ssl.internal.ssl.BaseSSLSocketImpl.connect(BaseSSLSocketImpl.java:141)
	at sun.net.NetworkClient.doConnect(NetworkClient.java:163)
	at sun.net.www.http.HttpClient.openServer(HttpClient.java:388)
	at sun.net.www.http.HttpClient.openServer(HttpClient.java:523)
	at sun.net.www.protocol.https.HttpsClient.<init>(HttpsClient.java:272)
	at sun.net.www.protocol.https.HttpsClient.New(HttpsClient.java:329)
	at sun.net.www.protocol.https.AbstractDelegateHttpsURLConnection.getNewHttpClient(AbstractDelegateHttpsURLConnection.java:172)
	at sun.net.www.protocol.http.HttpURLConnection.plainConnect(HttpURLConnection.java:911)
	at sun.net.www.protocol.https.AbstractDelegateHttpsURLConnection.connect(AbstractDelegateHttpsURLConnection.java:158)
	at sun.net.www.protocol.http.HttpURLConnection.getOutputStream(HttpURLConnection.java:1014)
	at sun.net.www.protocol.https.HttpsURLConnectionImpl.getOutputStream(HttpsURLConnectionImpl.java:230)
	at com.dukascopy.api.impl.connect.ActivityLogger.doPostLog(ActivityLogger.java:230)
	at com.dukascopy.api.impl.connect.ActivityLogger.sendLog(ActivityLogger.java:157)
	at com.dukascopy.api.impl.connect.ActivityLogger.flush(ActivityLogger.java:114)
	at com.dukascopy.api.impl.connect.ActivityLogger.run(ActivityLogger.java:104)
2012-06-17 03:16:49.441 WARN  com.dukascopy.api.impl.connect.DCClientImpl - Types list was not found
2012-06-17 03:16:49.443 INFO  singlejartest.Main - Connecting...
2012-06-17 03:16:52.950 INFO  com.dukascopy.api.impl.connect.AuthorizationClient - >> [{}]https://www1.dukascopy.com/authorization/demo/auth?typus=0&munus=stngs&appello=DEMO2hbSVA&licentio=12d7c3f2dae289554614f5a087d13abfe116c8c330c82aacf4f2cb30a99b6b9a&sermo=5e38f80e-2900-477b-9b35-dd2a796645aa&stngs=1
2012-06-17 03:16:54.946 WARN  com.dukascopy.api.impl.connect.AuthorizationClient - << [{}]{news.host.url=https://external.dukascopy.com, jss.logserver.url=https://demo-login.dukascopy.com/jss-log/, userTypes=MINI_FX,MANAGE_STOP_LIMIT,REGULAR,, wlabel.logo=[B@331c89c, news.source=api, contest.chart.url=https://demo-login.dukascopy.com/aDDS/export/contestChart.php, menu.item.dayly.hl=/marketwatch/daily_hl_interbank/, menu.item.margin.level.calculator=/marketwatch/forexcalc/margin_level/, wlabel.shortLabel=Dukascopy Bank, encryptionKey=495F519A0C2FE2EF898D51136762FBEB, reports.url=/Reports, base.calendar.url=http://www.dukascopy.com/swiss/{0}, menu.item.economic.calendar=/marketwatch/calendars/eccalendar/, additionalUserTypes=[], feed.commission.history=[], brokerChat.url=https://www.dukascopy.com/chat/login.php?channel=3, wlabel.url=http://www.dukascopy.com, platformFaq.url=http://www.dukascopy.com/swiss/english/forex/faq/, menu.item.holidays.calendar=/marketwatch/calendars/NationalHolidaysCalendar/, menu.item.report.issue=/about/issues/, reports=portfolio_client,intraday_client,position_client,annual_report,deposit_receipt,trader_sll,self_traded_volume,activity_log,merge_log,trade_log,trader_sll_action_log, tradelog_sfx.url=/aDDS/export/tradeLog.php, platformManual.url=http://www.dukascopy.com/wiki/, instruments=[CAD/HKD, EUR/SGD, EUR/NOK, EUR/NZD, AUD/NZD, USD/TRY, GBP/USD, NZD/CHF, USD/MXN, USD/HKD, SGD/JPY, EUR/HKD, AUD/CAD, USD/PLN, EUR/PLN, USD/NOK, USD/CHF, GBP/CHF, EUR/CHF, USD/JPY, GBP/CAD, HKD/JPY, GBP/JPY, EUR/CAD, USD/SEK, CHF/SGD, USD/DKK, EUR/SEK, NZD/JPY, AUD/SGD, NZD/USD, CAD/JPY, EUR/GBP, CHF/JPY, XAG/USD, GBP/AUD, AUD/JPY, XAU/USD, EUR/USD, AUD/USD, USD/CAD, USD/ZAR, EUR/JPY, USD/SGD, AUD/CHF, GBP/NZD, USD/RUB, NZD/CAD, CAD/CHF, EUR/AUD, EUR/DKK, EUR/TRY], menu.item.forex.calculator=/marketwatch/forexcalc/forex_calculator/, debug=false, client.mode=DEMO, loginId=382684, get.help.url=http://www.dukascopy.com/swiss/english/forex/jforex/forum/, menu.item.interest.rates.calendar=/marketwatch/calendars/InterestRatesCalendar/, wlabel.foUrl=https://demo-login.dukascopy.com, history.server.url=http://www.dukascopy.com/datafeed/, external_ip=50.36.23.172, wlabel.longLabel=Dukascopy Bank SA, services1.url=https://demo-login.dukascopy.com, wlabel.skype=dukascopy, wlabel.phone=+41 (0) 22 799 4888}
2012-06-17 03:17:05.032 INFO  singlejartest.Main - Connected
2012-06-17 03:17:05.855 INFO  singlejartest.Main - Subscribing instruments...
2012-06-17 03:17:10.860 INFO  singlejartest.Main - Starting strategy
2012-06-17 03:17:12.968 INFO  singlejartest.Main - Strategy started: 37
2012-06-17 03:17:20.563 WARN  com.dukascopy.charts.data.datacache.LocalCacheManager - Some or all of the requested data was not found, instrument [EUR/USD], period [Ticks], side [null], chunk from [2012.06.15 23:00:00 000], chunk to [2012.06.16 00:00:00 000]
2012-06-17 03:26:55.085 WARN  com.dukascopy.api.impl.connect.DCClientImpl - Types list was not found
2012-06-17 03:26:55.102 INFO  singlejartest.Main - Connecting...
2012-06-17 03:26:58.564 INFO  com.dukascopy.api.impl.connect.AuthorizationClient - >> [{}]https://www1.dukascopy.com/authorization/demo/auth?typus=0&munus=stngs&appello=DEMO2hbSVA&licentio=d9d20a80143871171dc302d7b6bbd08186339d84d417c85409ffc7644b10f917&sermo=c10c543e-d3da-46a4-b26b-8270c1b47779&stngs=1
2012-06-17 03:26:59.554 WARN  com.dukascopy.api.impl.connect.AuthorizationClient - << [{}]{news.host.url=https://external.dukascopy.com, jss.logserver.url=https://demo-login.dukascopy.com/jss-log/, userTypes=MINI_FX,MANAGE_STOP_LIMIT,REGULAR,, wlabel.logo=[B@48082751, news.source=api, contest.chart.url=https://demo-login.dukascopy.com/aDDS/export/contestChart.php, menu.item.dayly.hl=/marketwatch/daily_hl_interbank/, menu.item.margin.level.calculator=/marketwatch/forexcalc/margin_level/, wlabel.shortLabel=Dukascopy Bank, encryptionKey=495F519A0C2FE2EF898D51136762FBEB, reports.url=/Reports, base.calendar.url=http://www.dukascopy.com/swiss/{0}, menu.item.economic.calendar=/marketwatch/calendars/eccalendar/, additionalUserTypes=[], feed.commission.history=[], brokerChat.url=https://www.dukascopy.com/chat/login.php?channel=3, wlabel.url=http://www.dukascopy.com, platformFaq.url=http://www.dukascopy.com/swiss/english/forex/faq/, menu.item.holidays.calendar=/marketwatch/calendars/NationalHolidaysCalendar/, menu.item.report.issue=/about/issues/, reports=portfolio_client,intraday_client,position_client,annual_report,deposit_receipt,trader_sll,self_traded_volume,activity_log,merge_log,trade_log,trader_sll_action_log, tradelog_sfx.url=/aDDS/export/tradeLog.php, platformManual.url=http://www.dukascopy.com/wiki/, instruments=[CAD/HKD, EUR/SGD, EUR/NOK, EUR/NZD, AUD/NZD, USD/TRY, GBP/USD, NZD/CHF, USD/MXN, USD/HKD, SGD/JPY, EUR/HKD, AUD/CAD, USD/PLN, EUR/PLN, USD/NOK, USD/CHF, GBP/CHF, EUR/CHF, USD/JPY, GBP/CAD, HKD/JPY, GBP/JPY, EUR/CAD, USD/SEK, CHF/SGD, USD/DKK, EUR/SEK, NZD/JPY, AUD/SGD, NZD/USD, CAD/JPY, EUR/GBP, CHF/JPY, XAG/USD, GBP/AUD, AUD/JPY, XAU/USD, EUR/USD, AUD/USD, USD/CAD, USD/ZAR, EUR/JPY, USD/SGD, AUD/CHF, GBP/NZD, USD/RUB, NZD/CAD, CAD/CHF, EUR/AUD, EUR/DKK, EUR/TRY], menu.item.forex.calculator=/marketwatch/forexcalc/forex_calculator/, debug=false, client.mode=DEMO, loginId=382684, get.help.url=http://www.dukascopy.com/swiss/english/forex/jforex/forum/, menu.item.interest.rates.calendar=/marketwatch/calendars/InterestRatesCalendar/, wlabel.foUrl=https://demo-login.dukascopy.com, history.server.url=http://www.dukascopy.com/datafeed/, external_ip=50.36.23.172, wlabel.longLabel=Dukascopy Bank SA, services1.url=https://demo-login.dukascopy.com, wlabel.skype=dukascopy, wlabel.phone=+41 (0) 22 799 4888}
2012-06-17 03:27:04.464 INFO  singlejartest.Main - Connected
2012-06-17 03:27:04.719 INFO  singlejartest.Main - Subscribing instruments...
2012-06-17 03:27:09.724 INFO  singlejartest.Main - Starting strategy
2012-06-17 03:27:11.833 INFO  singlejartest.Main - Strategy started: 37
2012-06-17 03:42:19.045 WARN  com.dukascopy.api.impl.connect.DCClientImpl - Types list was not found
2012-06-17 03:42:19.048 INFO  singlejartest.Main - Connecting...
2012-06-17 03:45:27.250 WARN  com.dukascopy.api.impl.connect.DCClientImpl - Types list was not found
2012-06-17 03:45:27.267 INFO  singlejartest.Main - Connecting...
2012-06-18 10:48:00.554 WARN  com.dukascopy.api.impl.connect.DCClientImpl - Types list was not found
2012-06-18 10:48:00.571 INFO  singlejartest.Main - Connecting...
2012-06-18 10:48:03.337 INFO  com.dukascopy.api.impl.connect.AuthorizationClient - >> [{}]https://www1.dukascopy.com/authorization/demo/auth?typus=0&munus=stngs&appello=DEMO2hbSVA&licentio=c88864bde87bd7cad452f8ad1b1eea91bd0b3459c468b5ba11cc1fab061fe504&sermo=1104ec4b-9c46-4ec6-a817-ee22299c641b&stngs=1
2012-06-18 10:48:04.143 WARN  com.dukascopy.api.impl.connect.AuthorizationClient - << [{}]{news.host.url=https://external.dukascopy.com, jss.logserver.url=https://demo-login.dukascopy.com/jss-log/, userTypes=MINI_FX,MANAGE_STOP_LIMIT,REGULAR,, wlabel.logo=[B@6548f8c8, news.source=api, contest.chart.url=https://demo-login.dukascopy.com/aDDS/export/contestChart.php, menu.item.dayly.hl=/marketwatch/daily_hl_interbank/, menu.item.margin.level.calculator=/marketwatch/forexcalc/margin_level/, wlabel.shortLabel=Dukascopy Bank, encryptionKey=495F519A0C2FE2EF898D51136762FBEB, reports.url=/Reports, base.calendar.url=http://www.dukascopy.com/swiss/{0}, menu.item.economic.calendar=/marketwatch/calendars/eccalendar/, additionalUserTypes=[], feed.commission.history=[], brokerChat.url=https://www.dukascopy.com/chat/login.php?channel=3, wlabel.url=http://www.dukascopy.com, platformFaq.url=http://www.dukascopy.com/swiss/english/forex/faq/, menu.item.holidays.calendar=/marketwatch/calendars/NationalHolidaysCalendar/, menu.item.report.issue=/about/issues/, reports=portfolio_client,intraday_client,position_client,annual_report,deposit_receipt,trader_sll,self_traded_volume,activity_log,merge_log,trade_log,trader_sll_action_log, tradelog_sfx.url=/aDDS/export/tradeLog.php, platformManual.url=http://www.dukascopy.com/wiki/, instruments=[CAD/HKD, EUR/SGD, EUR/NOK, EUR/NZD, AUD/NZD, USD/TRY, GBP/USD, NZD/CHF, USD/MXN, USD/HKD, SGD/JPY, EUR/HKD, AUD/CAD, USD/PLN, EUR/PLN, USD/NOK, USD/CHF, GBP/CHF, EUR/CHF, USD/JPY, GBP/CAD, HKD/JPY, GBP/JPY, EUR/CAD, USD/SEK, CHF/SGD, USD/DKK, EUR/SEK, NZD/JPY, AUD/SGD, NZD/USD, CAD/JPY, EUR/GBP, CHF/JPY, XAG/USD, GBP/AUD, AUD/JPY, XAU/USD, EUR/USD, AUD/USD, USD/CAD, USD/ZAR, EUR/JPY, USD/SGD, AUD/CHF, GBP/NZD, USD/RUB, NZD/CAD, CAD/CHF, EUR/AUD, EUR/DKK, EUR/TRY], menu.item.forex.calculator=/marketwatch/forexcalc/forex_calculator/, debug=false, client.mode=DEMO, loginId=382684, get.help.url=http://www.dukascopy.com/swiss/english/forex/jforex/forum/, menu.item.interest.rates.calendar=/marketwatch/calendars/InterestRatesCalendar/, wlabel.foUrl=https://demo-login.dukascopy.com, history.server.url=http://www.dukascopy.com/datafeed/, external_ip=128.237.240.169, wlabel.longLabel=Dukascopy Bank SA, services1.url=https://demo-login.dukascopy.com, wlabel.skype=dukascopy, wlabel.phone=+41 (0) 22 799 4888}
2012-06-18 10:48:06.893 INFO  singlejartest.Main - Connected
2012-06-18 10:48:06.902 INFO  singlejartest.Main - Subscribing instruments...
2012-06-18 10:48:11.905 INFO  singlejartest.Main - Starting strategy
2012-06-18 10:48:14.050 INFO  singlejartest.Main - Strategy started: 36
2012-06-18 17:38:39.466 ERROR com.dukascopy.transport.client.ClientConnector - Exception caught
java.io.IOException: Connection reset by peer
	at sun.nio.ch.FileDispatcher.read0(Native Method)
	at sun.nio.ch.SocketDispatcher.read(SocketDispatcher.java:21)
	at sun.nio.ch.IOUtil.readIntoNativeBuffer(IOUtil.java:198)
	at sun.nio.ch.IOUtil.read(IOUtil.java:171)
	at sun.nio.ch.SocketChannelImpl.read(SocketChannelImpl.java:245)
	at org.apache.mina.transport.socket.nio.SocketIoProcessor.read(SocketIoProcessor.java:218)
	at org.apache.mina.transport.socket.nio.SocketIoProcessor.process(SocketIoProcessor.java:198)
	at org.apache.mina.transport.socket.nio.SocketIoProcessor.access$400(SocketIoProcessor.java:45)
	at org.apache.mina.transport.socket.nio.SocketIoProcessor$Worker.run(SocketIoProcessor.java:485)
	at org.apache.mina.util.NamePreservingRunnable.run(NamePreservingRunnable.java:51)
	at java.lang.Thread.run(Thread.java:680)
2012-06-18 17:38:40.474 WARN  singlejartest.Main - Disconnected
2012-06-18 17:38:41.816 WARN  singlejartest.Main - Disconnected
2012-06-18 17:38:43.145 WARN  singlejartest.Main - Disconnected
2012-06-18 17:38:43.291 ERROR com.dukascopy.transport.client.TransportClient - Error send synch request
java.util.concurrent.TimeoutException: No response from server. Request: {"reqid":"11","type":"hb"}
	at com.dukascopy.transport.client.TransportClient.controlSynchRequest(TransportClient.java:836)
	at com.dukascopy.transport.client.TransportClient.pingIoSession(TransportClient.java:631)
	at com.dukascopy.transport.client.TransportClient.pingConnection(TransportClient.java:662)
	at com.dukascopy.transport.client.TransportClient.access$200(TransportClient.java:37)
	at com.dukascopy.transport.client.TransportClient$4.run(TransportClient.java:358)
	at java.lang.Thread.run(Thread.java:680)
2012-06-18 17:38:43.292 ERROR com.dukascopy.transport.client.TransportClient - Client disconnected, secondary connection ping failed
java.util.concurrent.TimeoutException: No response from server. Request: {"reqid":"11","type":"hb"}
	at com.dukascopy.transport.client.TransportClient.controlSynchRequest(TransportClient.java:857)
	at com.dukascopy.transport.client.TransportClient.pingIoSession(TransportClient.java:631)
	at com.dukascopy.transport.client.TransportClient.pingConnection(TransportClient.java:662)
	at com.dukascopy.transport.client.TransportClient.access$200(TransportClient.java:37)
	at com.dukascopy.transport.client.TransportClient$4.run(TransportClient.java:358)
	at java.lang.Thread.run(Thread.java:680)
2012-06-18 17:38:44.470 WARN  singlejartest.Main - Disconnected
2012-06-18 17:38:57.579 INFO  com.dukascopy.api.impl.connect.AuthorizationClient - >> [{}]https://www1.dukascopy.com/authorization/demo/auth?typus=0&munus=stngs&appello=DEMO2hbSVA&licentio=125856db26d07c79757e5886d5ec2f4fc15c895f5836cd12a9d95c5e18f74095&sermo=331c4243-ee68-4e4b-bc9c-984878340eb8&stngs=1
2012-06-18 17:38:58.463 WARN  com.dukascopy.api.impl.connect.AuthorizationClient - << [{}]{news.host.url=https://external.dukascopy.com, jss.logserver.url=https://demo-login.dukascopy.com/jss-log/, userTypes=MINI_FX,MANAGE_STOP_LIMIT,REGULAR,, wlabel.logo=[B@40537935, news.source=api, contest.chart.url=https://demo-login.dukascopy.com/aDDS/export/contestChart.php, menu.item.dayly.hl=/marketwatch/daily_hl_interbank/, menu.item.margin.level.calculator=/marketwatch/forexcalc/margin_level/, wlabel.shortLabel=Dukascopy Bank, encryptionKey=495F519A0C2FE2EF898D51136762FBEB, reports.url=/Reports, base.calendar.url=http://www.dukascopy.com/swiss/{0}, menu.item.economic.calendar=/marketwatch/calendars/eccalendar/, additionalUserTypes=[], feed.commission.history=[], brokerChat.url=https://www.dukascopy.com/chat/login.php?channel=3, wlabel.url=http://www.dukascopy.com, platformFaq.url=http://www.dukascopy.com/swiss/english/forex/faq/, menu.item.holidays.calendar=/marketwatch/calendars/NationalHolidaysCalendar/, menu.item.report.issue=/about/issues/, reports=portfolio_client,intraday_client,position_client,annual_report,deposit_receipt,trader_sll,self_traded_volume,activity_log,merge_log,trade_log,trader_sll_action_log, tradelog_sfx.url=/aDDS/export/tradeLog.php, platformManual.url=http://www.dukascopy.com/wiki/, instruments=[CAD/HKD, EUR/SGD, EUR/NOK, EUR/NZD, AUD/NZD, USD/TRY, GBP/USD, NZD/CHF, USD/MXN, USD/HKD, SGD/JPY, EUR/HKD, AUD/CAD, USD/PLN, EUR/PLN, USD/NOK, USD/CHF, GBP/CHF, EUR/CHF, USD/JPY, GBP/CAD, HKD/JPY, GBP/JPY, EUR/CAD, USD/SEK, CHF/SGD, USD/DKK, EUR/SEK, NZD/JPY, AUD/SGD, NZD/USD, CAD/JPY, EUR/GBP, CHF/JPY, XAG/USD, GBP/AUD, AUD/JPY, XAU/USD, EUR/USD, AUD/USD, USD/CAD, USD/ZAR, EUR/JPY, USD/SGD, AUD/CHF, GBP/NZD, USD/RUB, NZD/CAD, CAD/CHF, EUR/AUD, EUR/DKK, EUR/TRY], menu.item.forex.calculator=/marketwatch/forexcalc/forex_calculator/, debug=false, client.mode=DEMO, loginId=382684, get.help.url=http://www.dukascopy.com/swiss/english/forex/jforex/forum/, menu.item.interest.rates.calendar=/marketwatch/calendars/InterestRatesCalendar/, wlabel.foUrl=https://demo-login.dukascopy.com, history.server.url=http://www.dukascopy.com/datafeed/, external_ip=128.237.240.169, wlabel.longLabel=Dukascopy Bank SA, services1.url=https://demo-login.dukascopy.com, wlabel.skype=dukascopy, wlabel.phone=+41 (0) 22 799 4888}
2012-06-18 17:38:59.786 INFO  singlejartest.Main - Connected
2012-06-21 20:21:15.341 WARN  com.dukascopy.api.impl.connect.DCClientImpl - Types list was not found
2012-06-21 20:21:15.350 INFO  singlejartest.Main - Connecting...
2012-06-21 20:21:19.948 INFO  com.dukascopy.api.impl.connect.AuthorizationClient - >> [{}]https://www1.dukascopy.com/authorization/demo/auth?typus=0&munus=stngs&appello=DEMO2hbSVA&licentio=28b39ecaa54d32fee246bf025787e23cdccb6bd86f08d107ab436843fdffd68a&sermo=f5cfbc45-b9fc-41b3-95f0-e570ea479f3b&stngs=1
2012-06-21 20:21:21.083 WARN  com.dukascopy.api.impl.connect.AuthorizationClient - << [{}]{news.host.url=https://external.dukascopy.com, jss.logserver.url=https://demo-login.dukascopy.com/jss-log/, userTypes=MINI_FX,REGULAR,MANAGE_STOP_LIMIT,, wlabel.logo=[B@6fe78c96, news.source=api, contest.chart.url=https://demo-login.dukascopy.com/aDDS/export/contestChart.php, menu.item.dayly.hl=/marketwatch/daily_hl_interbank/, menu.item.margin.level.calculator=/marketwatch/forexcalc/margin_level/, wlabel.shortLabel=Dukascopy Bank, encryptionKey=495F519A0C2FE2EF898D51136762FBEB, reports.url=/Reports, base.calendar.url=http://www.dukascopy.com/swiss/{0}, menu.item.economic.calendar=/marketwatch/calendars/eccalendar/, additionalUserTypes=[], feed.commission.history=[], brokerChat.url=https://www.dukascopy.com/chat/login.php?channel=3, wlabel.url=http://www.dukascopy.com, platformFaq.url=http://www.dukascopy.com/swiss/english/forex/faq/, menu.item.holidays.calendar=/marketwatch/calendars/NationalHolidaysCalendar/, menu.item.report.issue=/about/issues/, reports=portfolio_client,intraday_client,position_client,annual_report,deposit_receipt,trader_sll,self_traded_volume,activity_log,merge_log,trade_log,trader_sll_action_log, tradelog_sfx.url=/aDDS/export/tradeLog.php, platformManual.url=http://www.dukascopy.com/wiki/, instruments=[CAD/HKD, EUR/SGD, EUR/NOK, EUR/NZD, AUD/NZD, USD/TRY, GBP/USD, NZD/CHF, USD/MXN, USD/HKD, SGD/JPY, EUR/HKD, AUD/CAD, USD/PLN, EUR/PLN, USD/NOK, USD/CHF, GBP/CHF, EUR/CHF, USD/JPY, GBP/CAD, HKD/JPY, GBP/JPY, EUR/CAD, USD/SEK, CHF/SGD, USD/DKK, EUR/SEK, NZD/JPY, AUD/SGD, NZD/USD, CAD/JPY, EUR/GBP, CHF/JPY, XAG/USD, GBP/AUD, AUD/JPY, XAU/USD, EUR/USD, AUD/USD, USD/CAD, USD/ZAR, EUR/JPY, USD/SGD, AUD/CHF, GBP/NZD, USD/RUB, NZD/CAD, CAD/CHF, EUR/AUD, EUR/DKK, EUR/TRY], menu.item.forex.calculator=/marketwatch/forexcalc/forex_calculator/, debug=false, client.mode=DEMO, loginId=382684, get.help.url=http://www.dukascopy.com/swiss/english/forex/jforex/forum/, menu.item.interest.rates.calendar=/marketwatch/calendars/InterestRatesCalendar/, wlabel.foUrl=https://demo-login.dukascopy.com, history.server.url=http://www.dukascopy.com/datafeed/, external_ip=24.2.126.151, wlabel.longLabel=Dukascopy Bank SA, services1.url=https://demo-login.dukascopy.com, wlabel.skype=dukascopy, wlabel.phone=+41 (0) 22 799 4888}
